1528103027433	geckodriver	INFO	geckodriver 0.20.1
1528103027447	geckodriver	INFO	Listening on 127.0.0.1:56534
1528103027609	mozrunner::runner	INFO	Running command: "/usr/bin/firefox" "-marionette" "--headless" "-profile" "/tmp/rust_mozprofile.eNNIAcxT4ERN"
*** You are running in headless mode.
1528103044879	Marionette	INFO	Listening on port 36816
1528103044926	Marionette	WARN	TLS certificate errors will be ignored for this session
JavaScript warning: https://www.baseball.cz/themes/cba/js/jquery-1.9.0.min.js, line 4: Using //@ to indicate sourceMappingURL pragmas is deprecated. Use //# instead

(firefox:12224): GLib-GObject-CRITICAL **: g_object_get: assertion 'G_IS_OBJECT (object)' failed
1528103359361	geckodriver	INFO	geckodriver 0.20.1
1528103359373	geckodriver	INFO	Listening on 127.0.0.1:54828
1528103359490	mozrunner::runner	INFO	Running command: "/usr/bin/firefox" "-marionette" "--headless" "-profile" "/tmp/rust_mozprofile.Eg0fZ9P1aQIT"
*** You are running in headless mode.
1528103366966	Marionette	INFO	Listening on port 37431
1528103367056	Marionette	WARN	TLS certificate errors will be ignored for this session
JavaScript warning: https://www.baseball.cz/themes/cba/js/jquery-1.9.0.min.js, line 4: Using //@ to indicate sourceMappingURL pragmas is deprecated. Use //# instead

(firefox:13056): GLib-GObject-CRITICAL **: g_object_get: assertion 'G_IS_OBJECT (object)' failed
1528103442015	geckodriver	INFO	geckodriver 0.20.1
1528103442032	geckodriver	INFO	Listening on 127.0.0.1:57777
1528103443036	mozrunner::runner	INFO	Running command: "/usr/bin/firefox" "-marionette" "--headless" "-profile" "/tmp/rust_mozprofile.xkuA5qr8M2GO"
*** You are running in headless mode.
1528103450398	Marionette	INFO	Listening on port 39261
1528103450512	Marionette	WARN	TLS certificate errors will be ignored for this session
JavaScript warning: https://www.baseball.cz/themes/cba/js/jquery-1.9.0.min.js, line 4: Using //@ to indicate sourceMappingURL pragmas is deprecated. Use //# instead

(firefox:13325): GLib-GObject-CRITICAL **: g_object_get: assertion 'G_IS_OBJECT (object)' failed
1528118242461	geckodriver	INFO	geckodriver 0.20.1
1528118242536	geckodriver	INFO	Listening on 127.0.0.1:51008
1528118243538	mozrunner::runner	INFO	Running command: "/usr/bin/firefox" "-marionette" "--headless" "-profile" "/tmp/rust_mozprofile.wHlLOeIX6Kxu"
*** You are running in headless mode.
1528118256656	Marionette	INFO	Listening on port 42600
1528118256746	Marionette	WARN	TLS certificate errors will be ignored for this session
JavaScript warning: https://www.baseball.cz/themes/cba/js/jquery-1.9.0.min.js, line 4: Using //@ to indicate sourceMappingURL pragmas is deprecated. Use //# instead

(firefox:4021): GLib-GObject-CRITICAL **: g_object_get: assertion 'G_IS_OBJECT (object)' failed
1528118291478	geckodriver	INFO	geckodriver 0.20.1
1528118291496	geckodriver	INFO	Listening on 127.0.0.1:40004
1528118292512	mozrunner::runner	INFO	Running command: "/usr/bin/firefox" "-marionette" "--headless" "-profile" "/tmp/rust_mozprofile.YbTywHcOEw3i"
*** You are running in headless mode.
1528118299818	Marionette	INFO	Listening on port 46060
1528118299873	Marionette	WARN	TLS certificate errors will be ignored for this session
JavaScript warning: https://www.baseball.cz/themes/cba/js/jquery-1.9.0.min.js, line 4: Using //@ to indicate sourceMappingURL pragmas is deprecated. Use //# instead

(firefox:4262): GLib-GObject-CRITICAL **: g_object_get: assertion 'G_IS_OBJECT (object)' failed
